TN:
SF:src\features\feed\feed-slice.ts
FN:54,wsConnectionSuccess
FN:58,wsConnectionClosed
FN:61,wsGetMessage
FN:71,wsConnectionError
FN:76,extraReducers
FNF:5
FNH:5
FNDA:1,wsConnectionSuccess
FNDA:1,wsConnectionClosed
FNDA:1,wsGetMessage
FNDA:1,wsConnectionError
FNDA:1,extraReducers
DA:1,1
DA:2,1
DA:3,1
DA:4,1
DA:5,1
DA:6,1
DA:7,1
DA:8,1
DA:9,1
DA:10,1
DA:11,1
DA:12,1
DA:13,1
DA:14,1
DA:15,1
DA:16,1
DA:17,1
DA:18,1
DA:19,1
DA:20,1
DA:21,1
DA:22,1
DA:23,1
DA:24,1
DA:25,1
DA:26,1
DA:27,1
DA:28,1
DA:29,1
DA:30,1
DA:31,1
DA:32,1
DA:33,1
DA:34,0
DA:35,0
DA:36,0
DA:37,0
DA:38,0
DA:39,0
DA:40,0
DA:41,0
DA:42,0
DA:43,0
DA:44,0
DA:45,0
DA:46,0
DA:47,0
DA:48,1
DA:49,1
DA:50,1
DA:51,1
DA:52,1
DA:53,1
DA:54,1
DA:55,1
DA:56,1
DA:57,1
DA:58,1
DA:59,1
DA:60,1
DA:61,1
DA:62,1
DA:63,1
DA:64,1
DA:65,1
DA:66,1
DA:67,1
DA:68,1
DA:69,1
DA:70,1
DA:71,1
DA:72,1
DA:73,1
DA:74,1
DA:75,1
DA:76,1
DA:77,1
DA:78,1
DA:79,1
DA:80,1
DA:81,1
DA:82,1
DA:83,1
DA:84,1
DA:85,2
DA:86,2
DA:87,1
DA:88,1
DA:89,1
DA:90,1
DA:91,1
DA:92,1
DA:93,1
DA:94,1
DA:95,1
DA:96,2
DA:97,1
DA:98,1
DA:99,2
DA:100,2
DA:101,1
DA:102,1
DA:103,1
DA:104,1
DA:105,1
DA:106,1
DA:107,1
DA:108,1
DA:109,1
DA:110,1
DA:111,1
DA:112,1
LF:112
LH:98
BRDA:54,0,0,1
BRDA:58,1,0,1
BRDA:61,2,0,1
BRDA:62,3,0,1
BRDA:64,4,0,0
BRDA:71,5,0,1
BRDA:76,6,0,1
BRDA:78,7,0,1
BRDA:84,8,0,2
BRDA:86,9,0,1
BRDA:87,10,0,1
BRDA:89,11,0,0
BRDA:98,12,0,2
BRDA:100,13,0,1
BRDA:100,14,0,1
BRF:15
BRH:13
end_of_record
